[debug] [2020-07-04T01:11:23.180Z] ----------------------------------------------------------------------
[debug] [2020-07-04T01:11:23.180Z] Command:       C:\Program Files\nodejs\node.exe C:\Users\Hamid\AppData\Roaming\npm\node_modules\firebase-tools\lib\bin\firebase.js emulators:start
[debug] [2020-07-04T01:11:23.180Z] CLI Version:   8.4.3
[debug] [2020-07-04T01:11:23.180Z] Platform:      win32
[debug] [2020-07-04T01:11:23.180Z] Node Version:  v12.18.1
[debug] [2020-07-04T01:11:23.195Z] Time:          Fri Jul 03 2020 18:11:23 GMT-0700 (Pacific Daylight Time)
[debug] [2020-07-04T01:11:23.195Z] ----------------------------------------------------------------------
[debug] [2020-07-04T01:11:23.195Z] 
[debug] [2020-07-04T01:11:23.195Z] > command requires scopes: ["email","openid","https://www.googleapis.com/auth/cloudplatformprojects.readonly","https://www.googleapis.com/auth/firebase","https://www.googleapis.com/auth/cloud-platform"]
[debug] [2020-07-04T01:11:23.195Z] > authorizing via signed-in user
[info] i  emulators: Starting emulators: functions {"metadata":{"emulator":{"name":"hub"},"message":"Starting emulators: functions"}}
[debug] [2020-07-04T01:11:25.245Z] [hub] writing locator at C:\Users\Hamid\AppData\Local\Temp\hub-niceproject-282023.json
[warn] !  Your requested "node" version "10" doesn't match your global version "12" {"metadata":{"emulator":{"name":"functions"},"message":"Your requested \"node\" version \"10\" doesn't match your global version \"12\""}}
[debug] [2020-07-04T01:11:31.309Z] Ignoring unsupported arg: auto_download {"metadata":{"emulator":{"name":"ui"},"message":"Ignoring unsupported arg: auto_download"}}
[debug] [2020-07-04T01:11:31.310Z] Ignoring unsupported arg: port {"metadata":{"emulator":{"name":"ui"},"message":"Ignoring unsupported arg: port"}}
[debug] [2020-07-04T01:11:31.311Z] Starting Emulator UI with command {"binary":"node","args":["C:\\Users\\Hamid\\.cache\\firebase\\emulators\\ui-v1.1.0\\server.bundle.js"],"optionalArgs":[],"joinArgs":false} {"metadata":{"emulator":{"name":"ui"},"message":"Starting Emulator UI with command {\"binary\":\"node\",\"args\":[\"C:\\\\Users\\\\Hamid\\\\.cache\\\\firebase\\\\emulators\\\\ui-v1.1.0\\\\server.bundle.js\"],\"optionalArgs\":[],\"joinArgs\":false}"}}
[info] i  ui: Emulator UI logging to ui-debug.log {"metadata":{"emulator":{"name":"ui"},"message":"Emulator UI logging to \u001b[1mui-debug.log\u001b[22m"}}
[debug] [2020-07-04T01:11:31.488Z] Web / API server started at http://localhost:4000
 {"metadata":{"emulator":{"name":"ui"},"message":"Web / API server started at http://localhost:4000\n"}}
[info] i  functions: Watching "E:\NiceProject\functions" for Cloud Functions... {"metadata":{"emulator":{"name":"functions"},"message":"Watching \"E:\\NiceProject\\functions\" for Cloud Functions..."}}
[debug] [2020-07-04T01:11:31.883Z] [worker-pool] addWorker(~diagnostic~) {"metadata":{"emulator":{"name":"functions"},"message":"[worker-pool] addWorker(~diagnostic~)"}}
[debug] [2020-07-04T01:11:31.883Z] [worker-pool] Adding worker with key ~diagnostic~, total=1 {"metadata":{"emulator":{"name":"functions"},"message":"[worker-pool] Adding worker with key ~diagnostic~, total=1"}}
[debug] [2020-07-04T01:11:31.883Z] [worker-pool] submitWork(triggerId=) {"metadata":{"emulator":{"name":"functions"},"message":"[worker-pool] submitWork(triggerId=)"}}
[debug] [2020-07-04T01:11:31.884Z] [worker-~diagnostic~-ad6eed9c-cf15-4d42-a1c7-b54f5650df04]: Assigning socketPath: \\?\pipe\E:\NiceProject\functions\23736 {"metadata":{"emulator":{"name":"functions"},"message":"[worker-~diagnostic~-ad6eed9c-cf15-4d42-a1c7-b54f5650df04]: Assigning socketPath: \\\\?\\pipe\\E:\\NiceProject\\functions\\23736"}}
[debug] [2020-07-04T01:11:31.884Z] [worker-~diagnostic~-ad6eed9c-cf15-4d42-a1c7-b54f5650df04]: BUSY {"metadata":{"emulator":{"name":"functions"},"message":"[worker-~diagnostic~-ad6eed9c-cf15-4d42-a1c7-b54f5650df04]: BUSY"}}
[debug] [2020-07-04T01:11:32.429Z] [runtime-status] [23736] Functions runtime initialized. {"cwd":"E:\\NiceProject\\functions","node_version":"12.18.1"} {"metadata":{"emulator":{"name":"functions"},"message":"[runtime-status] [23736] Functions runtime initialized. {\"cwd\":\"E:\\\\NiceProject\\\\functions\",\"node_version\":\"12.18.1\"}"}}
[debug] [2020-07-04T01:11:32.431Z] [runtime-status] [23736] Disabled runtime features: undefined {"metadata":{"emulator":{"name":"functions"},"message":"[runtime-status] [23736] Disabled runtime features: undefined"}}
[debug] [2020-07-04T01:11:32.436Z] [runtime-status] [23736] Resolved module firebase-admin {"declared":true,"installed":true,"version":"8.13.0","resolution":"E:\\NiceProject\\functions\\node_modules\\firebase-admin\\lib\\index.js"} {"metadata":{"emulator":{"name":"functions"},"message":"[runtime-status] [23736] Resolved module firebase-admin {\"declared\":true,\"installed\":true,\"version\":\"8.13.0\",\"resolution\":\"E:\\\\NiceProject\\\\functions\\\\node_modules\\\\firebase-admin\\\\lib\\\\index.js\"}"}}
[debug] [2020-07-04T01:11:32.441Z] [runtime-status] [23736] Resolved module firebase-functions {"declared":true,"installed":true,"version":"3.7.0","resolution":"E:\\NiceProject\\functions\\node_modules\\firebase-functions\\lib\\index.js"} {"metadata":{"emulator":{"name":"functions"},"message":"[runtime-status] [23736] Resolved module firebase-functions {\"declared\":true,\"installed\":true,\"version\":\"3.7.0\",\"resolution\":\"E:\\\\NiceProject\\\\functions\\\\node_modules\\\\firebase-functions\\\\lib\\\\index.js\"}"}}
[debug] [2020-07-04T01:11:32.443Z] [runtime-status] [23736] Outgoing network have been stubbed. [{"name":"http","status":"mocked"},{"name":"http","status":"mocked"},{"name":"https","status":"mocked"},{"name":"https","status":"mocked"},{"name":"net","status":"mocked"}] {"metadata":{"emulator":{"name":"functions"},"message":"[runtime-status] [23736] Outgoing network have been stubbed. [{\"name\":\"http\",\"status\":\"mocked\"},{\"name\":\"http\",\"status\":\"mocked\"},{\"name\":\"https\",\"status\":\"mocked\"},{\"name\":\"https\",\"status\":\"mocked\"},{\"name\":\"net\",\"status\":\"mocked\"}]"}}
[debug] [2020-07-04T01:11:32.444Z] [runtime-status] [23736] Resolved module firebase-functions {"declared":true,"installed":true,"version":"3.7.0","resolution":"E:\\NiceProject\\functions\\node_modules\\firebase-functions\\lib\\index.js"} {"metadata":{"emulator":{"name":"functions"},"message":"[runtime-status] [23736] Resolved module firebase-functions {\"declared\":true,\"installed\":true,\"version\":\"3.7.0\",\"resolution\":\"E:\\\\NiceProject\\\\functions\\\\node_modules\\\\firebase-functions\\\\lib\\\\index.js\"}"}}
[debug] [2020-07-04T01:11:32.497Z] [runtime-status] [23736] Checked functions.config() {"config":{}} {"metadata":{"emulator":{"name":"functions"},"message":"[runtime-status] [23736] Checked functions.config() {\"config\":{}}"}}
[debug] [2020-07-04T01:11:32.498Z] [runtime-status] [23736] firebase-functions has been stubbed. {"functionsResolution":{"declared":true,"installed":true,"version":"3.7.0","resolution":"E:\\NiceProject\\functions\\node_modules\\firebase-functions\\lib\\index.js"}} {"metadata":{"emulator":{"name":"functions"},"message":"[runtime-status] [23736] firebase-functions has been stubbed. {\"functionsResolution\":{\"declared\":true,\"installed\":true,\"version\":\"3.7.0\",\"resolution\":\"E:\\\\NiceProject\\\\functions\\\\node_modules\\\\firebase-functions\\\\lib\\\\index.js\"}}"}}
[debug] [2020-07-04T01:11:32.498Z] [runtime-status] [23736] Resolved module firebase-functions {"declared":true,"installed":true,"version":"3.7.0","resolution":"E:\\NiceProject\\functions\\node_modules\\firebase-functions\\lib\\index.js"} {"metadata":{"emulator":{"name":"functions"},"message":"[runtime-status] [23736] Resolved module firebase-functions {\"declared\":true,\"installed\":true,\"version\":\"3.7.0\",\"resolution\":\"E:\\\\NiceProject\\\\functions\\\\node_modules\\\\firebase-functions\\\\lib\\\\index.js\"}"}}
[debug] [2020-07-04T01:11:32.499Z] [runtime-status] [23736] Resolved module firebase-admin {"declared":true,"installed":true,"version":"8.13.0","resolution":"E:\\NiceProject\\functions\\node_modules\\firebase-admin\\lib\\index.js"} {"metadata":{"emulator":{"name":"functions"},"message":"[runtime-status] [23736] Resolved module firebase-admin {\"declared\":true,\"installed\":true,\"version\":\"8.13.0\",\"resolution\":\"E:\\\\NiceProject\\\\functions\\\\node_modules\\\\firebase-admin\\\\lib\\\\index.js\"}"}}
[debug] [2020-07-04T01:11:32.500Z] [runtime-status] [23736] Resolved module firebase-functions {"declared":true,"installed":true,"version":"3.7.0","resolution":"E:\\NiceProject\\functions\\node_modules\\firebase-functions\\lib\\index.js"} {"metadata":{"emulator":{"name":"functions"},"message":"[runtime-status] [23736] Resolved module firebase-functions {\"declared\":true,\"installed\":true,\"version\":\"3.7.0\",\"resolution\":\"E:\\\\NiceProject\\\\functions\\\\node_modules\\\\firebase-functions\\\\lib\\\\index.js\"}"}}
[debug] [2020-07-04T01:11:32.500Z] [runtime-status] [23736] firebase-admin has been stubbed. {"adminResolution":{"declared":true,"installed":true,"version":"8.13.0","resolution":"E:\\NiceProject\\functions\\node_modules\\firebase-admin\\lib\\index.js"}} {"metadata":{"emulator":{"name":"functions"},"message":"[runtime-status] [23736] firebase-admin has been stubbed. {\"adminResolution\":{\"declared\":true,\"installed\":true,\"version\":\"8.13.0\",\"resolution\":\"E:\\\\NiceProject\\\\functions\\\\node_modules\\\\firebase-admin\\\\lib\\\\index.js\"}}"}}
[info] 
┌───────────────────────────────────────────────────────────────────────┐
│ ✔  All emulators ready! View status and logs at http://localhost:4000 │
└───────────────────────────────────────────────────────────────────────┘

┌───────────┬────────────────┬─────────────────────────────────┐
│ Emulator  │ Host:Port      │ View in Emulator UI             │
├───────────┼────────────────┼─────────────────────────────────┤
│ Functions │ localhost:8080 │ http://localhost:4000/functions │
└───────────┴────────────────┴─────────────────────────────────┘
  Other reserved ports: 4400, 4500

Issues? Report them at https://github.com/firebase/firebase-tools/issues and attach the *-debug.log files.
 
[debug] [2020-07-04T01:11:32.507Z] [worker-~diagnostic~-ad6eed9c-cf15-4d42-a1c7-b54f5650df04]: IDLE {"metadata":{"emulator":{"name":"functions"},"message":"[worker-~diagnostic~-ad6eed9c-cf15-4d42-a1c7-b54f5650df04]: IDLE"}}
